This is pdfTeX, Version 3.141592653-2.6-1.40.26 (TeX Live 2024/Homebrew) (preloaded format=pdflatex 2024.3.20)  20 JUL 2024 01:11
entering extended mode
 restricted \write18 enabled.
 file:line:error style messages enabled.
 %&-line parsing enabled.
**"/Volumes/Work/Physics Research/UG Physics Thesis 2/Main document/main"
(/Volumes/Work/Physics Research/UG Physics Thesis 2/Main document/main.tex
LaTeX2e <2023-11-01> patch level 1
L3 programming layer <2024-02-20>
(/opt/homebrew/Cellar/texlive/20240312/share/texmf-dist/tex/latex/base/report.cls
Document Class: report 2023/05/17 v1.4n Standard LaTeX document class
(/opt/homebrew/Cellar/texlive/20240312/share/texmf-dist/tex/latex/base/size12.clo
File: size12.clo 2023/05/17 v1.4n Standard LaTeX file (size option)
)
\c@part=\count188
\c@chapter=\count189
\c@section=\count190
\c@subsection=\count191
\c@subsubsection=\count192
\c@paragraph=\count193
\c@subparagraph=\count194
\c@figure=\count195
\c@table=\count196
\abovecaptionskip=\skip48
\belowcaptionskip=\skip49
\bibindent=\dimen140
) (/opt/homebrew/Cellar/texlive/20240312/share/texmf-dist/tex/latex/amsmath/amsmath.sty
Package: amsmath 2023/05/13 v2.17o AMS math features
\@mathmargin=\skip50

For additional information on amsmath, use the `?' option.
(/opt/homebrew/Cellar/texlive/20240312/share/texmf-dist/tex/latex/amsmath/amstext.sty
Package: amstext 2021/08/26 v2.01 AMS text
 (/opt/homebrew/Cellar/texlive/20240312/share/texmf-dist/tex/latex/amsmath/amsgen.sty
File: amsgen.sty 1999/11/30 v2.0 generic functions
\@emptytoks=\toks17
\ex@=\dimen141
)) (/opt/homebrew/Cellar/texlive/20240312/share/texmf-dist/tex/latex/amsmath/amsbsy.sty
Package: amsbsy 1999/11/29 v1.2d Bold Symbols
\pmbraise@=\dimen142
) (/opt/homebrew/Cellar/texlive/20240312/share/texmf-dist/tex/latex/amsmath/amsopn.sty
Package: amsopn 2022/04/08 v2.04 operator names
)
\inf@bad=\count197
LaTeX Info: Redefining \frac on input line 234.
\uproot@=\count198
\leftroot@=\count199
LaTeX Info: Redefining \overline on input line 399.
LaTeX Info: Redefining \colon on input line 410.
\classnum@=\count266
\DOTSCASE@=\count267
LaTeX Info: Redefining \ldots on input line 496.
LaTeX Info: Redefining \dots on input line 499.
LaTeX Info: Redefining \cdots on input line 620.
\Mathstrutbox@=\box51
\strutbox@=\box52
LaTeX Info: Redefining \big on input line 722.
LaTeX Info: Redefining \Big on input line 723.
LaTeX Info: Redefining \bigg on input line 724.
LaTeX Info: Redefining \Bigg on input line 725.
\big@size=\dimen143
LaTeX Font Info:    Redeclaring font encoding OML on input line 743.
LaTeX Font Info:    Redeclaring font encoding OMS on input line 744.
\macc@depth=\count268
LaTeX Info: Redefining \bmod on input line 905.
LaTeX Info: Redefining \pmod on input line 910.
LaTeX Info: Redefining \smash on input line 940.
LaTeX Info: Redefining \relbar on input line 970.
LaTeX Info: Redefining \Relbar on input line 971.
\c@MaxMatrixCols=\count269
\dotsspace@=\muskip16
\c@parentequation=\count270
\dspbrk@lvl=\count271
\tag@help=\toks18
\row@=\count272
\column@=\count273
\maxfields@=\count274
\andhelp@=\toks19
\eqnshift@=\dimen144
\alignsep@=\dimen145
\tagshift@=\dimen146
\tagwidth@=\dimen147
\totwidth@=\dimen148
\lineht@=\dimen149
\@envbody=\toks20
\multlinegap=\skip51
\multlinetaggap=\skip52
\mathdisplay@stack=\toks21
LaTeX Info: Redefining \[ on input line 2953.
LaTeX Info: Redefining \] on input line 2954.
) (/opt/homebrew/Cellar/texlive/20240312/share/texmf-dist/tex/latex/amsfonts/amsfonts.sty
Package: amsfonts 2013/01/14 v3.01 Basic AMSFonts support
\symAMSa=\mathgroup4
\symAMSb=\mathgroup5
LaTeX Font Info:    Redeclaring math symbol \hbar on input line 98.
LaTeX Font Info:    Overwriting math alphabet `\mathfrak' in version `bold'
(Font)                  U/euf/m/n --> U/euf/b/n on input line 106.
) (/opt/homebrew/Cellar/texlive/20240312/share/texmf-dist/tex/latex/geometry/geometry.sty
Package: geometry 2020/01/02 v5.9 Page Geometry
 (/opt/homebrew/Cellar/texlive/20240312/share/texmf-dist/tex/latex/graphics/keyval.sty
Package: keyval 2022/05/29 v1.15 key=value parser (DPC)
\KV@toks@=\toks22
) (/opt/homebrew/Cellar/texlive/20240312/share/texmf-dist/tex/generic/iftex/ifvtex.sty
Package: ifvtex 2019/10/25 v1.7 ifvtex legacy package. Use iftex instead.
 (/opt/homebrew/Cellar/texlive/20240312/share/texmf-dist/tex/generic/iftex/iftex.sty
Package: iftex 2022/02/03 v1.0f TeX engine tests
))
\Gm@cnth=\count275
\Gm@cntv=\count276
\c@Gm@tempcnt=\count277
\Gm@bindingoffset=\dimen150
\Gm@wd@mp=\dimen151
\Gm@odd@mp=\dimen152
\Gm@even@mp=\dimen153
\Gm@layoutwidth=\dimen154
\Gm@layoutheight=\dimen155
\Gm@layouthoffset=\dimen156
\Gm@layoutvoffset=\dimen157
\Gm@dimlist=\toks23
) (/opt/homebrew/Cellar/texlive/20240312/share/texmf-dist/tex/latex/fancyhdr/fancyhdr.sty
Package: fancyhdr 2022/11/09 v4.1 Extensive control of page headers and footers
\f@nch@headwidth=\skip53
\f@nch@O@elh=\skip54
\f@nch@O@erh=\skip55
\f@nch@O@olh=\skip56
\f@nch@O@orh=\skip57
\f@nch@O@elf=\skip58
\f@nch@O@erf=\skip59
\f@nch@O@olf=\skip60
\f@nch@O@orf=\skip61
) (/opt/homebrew/Cellar/texlive/20240312/share/texmf-dist/tex/latex/titlesec/titlesec.sty
Package: titlesec 2023/10/27 v2.16 Sectioning titles
\ttl@box=\box53
\beforetitleunit=\skip62
\aftertitleunit=\skip63
\ttl@plus=\dimen158
\ttl@minus=\dimen159
\ttl@toksa=\toks24
\titlewidth=\dimen160
\titlewidthlast=\dimen161
\titlewidthfirst=\dimen162
) (/opt/homebrew/Cellar/texlive/20240312/share/texmf-dist/tex/latex/lastpage/lastpage.sty
Package: lastpage 2023/10/14 v2.0e lastpage: 2.09 or 2e? (HMM)
 (/opt/homebrew/Cellar/texlive/20240312/share/texmf-dist/tex/latex/lastpage/lastpage2e.sty
Package: lastpage2e 2023/10/14 v2.0e Decide which 2e lastpage version to use (HMM)
 (/opt/homebrew/Cellar/texlive/20240312/share/texmf-dist/tex/latex/lastpage/lastpagemodern.sty
Package: lastpagemodern 2023-10-14 v2.0e Refers to last page's name (HMM; JPG)
\c@lastpagecount=\count278
) 
)) (/opt/homebrew/Cellar/texlive/20240312/share/texmf-dist/tex/latex/wrapfig/wrapfig.sty
\wrapoverhang=\dimen163
\WF@size=\dimen164
\c@WF@wrappedlines=\count279
\WF@box=\box54
\WF@everypar=\toks25
Package: wrapfig 2003/01/31  v 3.6
) (/opt/homebrew/Cellar/texlive/20240312/share/texmf-dist/tex/latex/xcolor/xcolor.sty
Package: xcolor 2023/11/15 v3.01 LaTeX color extensions (UK)
 (/opt/homebrew/Cellar/texlive/20240312/share/texmf-dist/tex/latex/graphics-cfg/color.cfg
File: color.cfg 2016/01/02 v1.6 sample color configuration
)
Package xcolor Info: Driver file: pdftex.def on input line 274.
 (/opt/homebrew/Cellar/texlive/20240312/share/texmf-dist/tex/latex/graphics-def/pdftex.def
File: pdftex.def 2022/09/22 v1.2b Graphics/color driver for pdftex
) (/opt/homebrew/Cellar/texlive/20240312/share/texmf-dist/tex/latex/graphics/mathcolor.ltx)
Package xcolor Info: Model `cmy' substituted by `cmy0' on input line 1350.
Package xcolor Info: Model `hsb' substituted by `rgb' on input line 1354.
Package xcolor Info: Model `RGB' extended on input line 1366.
Package xcolor Info: Model `HTML' substituted by `rgb' on input line 1368.
Package xcolor Info: Model `Hsb' substituted by `hsb' on input line 1369.
Package xcolor Info: Model `tHsb' substituted by `hsb' on input line 1370.
Package xcolor Info: Model `HSB' substituted by `hsb' on input line 1371.
Package xcolor Info: Model `Gray' substituted by `gray' on input line 1372.
Package xcolor Info: Model `wave' substituted by `hsb' on input line 1373.
) (/opt/homebrew/Cellar/texlive/20240312/share/texmf-dist/tex/latex/jknapltx/mathrsfs.sty
Package: mathrsfs 1996/01/01 Math RSFS package v1.0 (jk)
\symrsfs=\mathgroup6
) (/opt/homebrew/Cellar/texlive/20240312/share/texmf-dist/tex/latex/calrsfs/calrsfs.sty
\symrsfscript=\mathgroup7
) (/opt/homebrew/Cellar/texlive/20240312/share/texmf-dist/tex/latex/graphics/graphicx.sty
Package: graphicx 2021/09/16 v1.2d Enhanced LaTeX Graphics (DPC,SPQR)
 (/opt/homebrew/Cellar/texlive/20240312/share/texmf-dist/tex/latex/graphics/graphics.sty
Package: graphics 2022/03/10 v1.4e Standard LaTeX Graphics (DPC,SPQR)
 (/opt/homebrew/Cellar/texlive/20240312/share/texmf-dist/tex/latex/graphics/trig.sty
Package: trig 2021/08/11 v1.11 sin cos tan (DPC)
) (/opt/homebrew/Cellar/texlive/20240312/share/texmf-dist/tex/latex/graphics-cfg/graphics.cfg
File: graphics.cfg 2016/06/04 v1.11 sample graphics configuration
)
Package graphics Info: Driver file: pdftex.def on input line 107.
)
\Gin@req@height=\dimen165
\Gin@req@width=\dimen166
) (/opt/homebrew/Cellar/texlive/20240312/share/texmf-dist/tex/latex/base/inputenc.sty
Package: inputenc 2021/02/14 v1.3d Input encoding file
\inpenc@prehook=\toks26
\inpenc@posthook=\toks27
) (/opt/homebrew/Cellar/texlive/20240312/share/texmf-dist/tex/latex/dutchcal/dutchcal.sty
Package: dutchcal 2011/06/16 v1 U/dutchcal
 (/opt/homebrew/Cellar/texlive/20240312/share/texmf-dist/tex/latex/xkeyval/xkeyval.sty
Package: xkeyval 2022/06/16 v2.9 package option processing (HA)
 (/opt/homebrew/Cellar/texlive/20240312/share/texmf-dist/tex/generic/xkeyval/xkeyval.tex (/opt/homebrew/Cellar/texlive/20240312/share/texmf-dist/tex/generic/xkeyval/xkvutils.tex
\XKV@toks=\toks28
\XKV@tempa@toks=\toks29
)
\XKV@depth=\count280
File: xkeyval.tex 2014/12/03 v2.7a key=value parser (HA)
))
LaTeX Font Info:    Redeclaring math alphabet \mathcal on input line 8.
LaTeX Font Info:    Overwriting math alphabet `\mathcal' in version `bold'
(Font)                  U/dutchcal/m/n --> U/dutchcal/b/n on input line 9.
) (/opt/homebrew/Cellar/texlive/20240312/share/texmf-dist/tex/latex/cancel/cancel.sty
Package: cancel 2013/04/12 v2.2 Cancel math terms
) (/opt/homebrew/Cellar/texlive/20240312/share/texmf-dist/tex/latex/float/float.sty
Package: float 2001/11/08 v1.3d Float enhancements (AL)
\c@float@type=\count281
\float@exts=\toks30
\float@box=\box55
\@float@everytoks=\toks31
\@floatcapt=\box56
) (/opt/homebrew/Cellar/texlive/20240312/share/texmf-dist/tex/latex/sectsty/sectsty.sty
Package: sectsty 2002/02/25 v2.0.2 Commands to change all sectional heading styles


LaTeX Warning: Command \underbar  has changed.
               Check if current package is valid.


LaTeX Warning: Command \underline  has changed.
               Check if current package is valid.

) (/opt/homebrew/Cellar/texlive/20240312/share/texmf-dist/tex/latex/pgf/frontendlayer/tikz.sty (/opt/homebrew/Cellar/texlive/20240312/share/texmf-dist/tex/latex/pgf/basiclayer/pgf.sty (/opt/homebrew/Cellar/texlive/20240312/share/texmf-dist/tex/latex/pgf/utilities/pgfrcs.sty (/opt/homebrew/Cellar/texlive/20240312/share/texmf-dist/tex/generic/pgf/utilities/pgfutil-common.tex
\pgfutil@everybye=\toks32
\pgfutil@tempdima=\dimen167
\pgfutil@tempdimb=\dimen168
) (/opt/homebrew/Cellar/texlive/20240312/share/texmf-dist/tex/generic/pgf/utilities/pgfutil-latex.def
\pgfutil@abb=\box57
) (/opt/homebrew/Cellar/texlive/20240312/share/texmf-dist/tex/generic/pgf/utilities/pgfrcs.code.tex (/opt/homebrew/Cellar/texlive/20240312/share/texmf-dist/tex/generic/pgf/pgf.revision.tex)
Package: pgfrcs 2023-01-15 v3.1.10 (3.1.10)
))
Package: pgf 2023-01-15 v3.1.10 (3.1.10)
 (/opt/homebrew/Cellar/texlive/20240312/share/texmf-dist/tex/latex/pgf/basiclayer/pgfcore.sty (/opt/homebrew/Cellar/texlive/20240312/share/texmf-dist/tex/latex/pgf/systemlayer/pgfsys.sty (/opt/homebrew/Cellar/texlive/20240312/share/texmf-dist/tex/generic/pgf/systemlayer/pgfsys.code.tex
Package: pgfsys 2023-01-15 v3.1.10 (3.1.10)
 (/opt/homebrew/Cellar/texlive/20240312/share/texmf-dist/tex/generic/pgf/utilities/pgfkeys.code.tex
\pgfkeys@pathtoks=\toks33
\pgfkeys@temptoks=\toks34
 (/opt/homebrew/Cellar/texlive/20240312/share/texmf-dist/tex/generic/pgf/utilities/pgfkeyslibraryfiltered.code.tex
\pgfkeys@tmptoks=\toks35
))
\pgf@x=\dimen169
\pgf@y=\dimen170
\pgf@xa=\dimen171
\pgf@ya=\dimen172
\pgf@xb=\dimen173
\pgf@yb=\dimen174
\pgf@xc=\dimen175
\pgf@yc=\dimen176
\pgf@xd=\dimen177
\pgf@yd=\dimen178
\w@pgf@writea=\write3
\r@pgf@reada=\read2
\c@pgf@counta=\count282
\c@pgf@countb=\count283
\c@pgf@countc=\count284
\c@pgf@countd=\count285
\t@pgf@toka=\toks36
\t@pgf@tokb=\toks37
\t@pgf@tokc=\toks38
\pgf@sys@id@count=\count286
 (/opt/homebrew/Cellar/texlive/20240312/share/texmf-dist/tex/generic/pgf/systemlayer/pgf.cfg
File: pgf.cfg 2023-01-15 v3.1.10 (3.1.10)
)
Driver file for pgf: pgfsys-pdftex.def
 (/opt/homebrew/Cellar/texlive/20240312/share/texmf-dist/tex/generic/pgf/systemlayer/pgfsys-pdftex.def
File: pgfsys-pdftex.def 2023-01-15 v3.1.10 (3.1.10)
 (/opt/homebrew/Cellar/texlive/20240312/share/texmf-dist/tex/generic/pgf/systemlayer/pgfsys-common-pdf.def
File: pgfsys-common-pdf.def 2023-01-15 v3.1.10 (3.1.10)
))) (/opt/homebrew/Cellar/texlive/20240312/share/texmf-dist/tex/generic/pgf/systemlayer/pgfsyssoftpath.code.tex
File: pgfsyssoftpath.code.tex 2023-01-15 v3.1.10 (3.1.10)
\pgfsyssoftpath@smallbuffer@items=\count287
\pgfsyssoftpath@bigbuffer@items=\count288
) (/opt/homebrew/Cellar/texlive/20240312/share/texmf-dist/tex/generic/pgf/systemlayer/pgfsysprotocol.code.tex
File: pgfsysprotocol.code.tex 2023-01-15 v3.1.10 (3.1.10)
)) (/opt/homebrew/Cellar/texlive/20240312/share/texmf-dist/tex/generic/pgf/basiclayer/pgfcore.code.tex
Package: pgfcore 2023-01-15 v3.1.10 (3.1.10)
 (/opt/homebrew/Cellar/texlive/20240312/share/texmf-dist/tex/generic/pgf/math/pgfmath.code.tex (/opt/homebrew/Cellar/texlive/20240312/share/texmf-dist/tex/generic/pgf/math/pgfmathutil.code.tex) (/opt/homebrew/Cellar/texlive/20240312/share/texmf-dist/tex/generic/pgf/math/pgfmathparser.code.tex
\pgfmath@dimen=\dimen179
\pgfmath@count=\count289
\pgfmath@box=\box58
\pgfmath@toks=\toks39
\pgfmath@stack@operand=\toks40
\pgfmath@stack@operation=\toks41
) (/opt/homebrew/Cellar/texlive/20240312/share/texmf-dist/tex/generic/pgf/math/pgfmathfunctions.code.tex) (/opt/homebrew/Cellar/texlive/20240312/share/texmf-dist/tex/generic/pgf/math/pgfmathfunctions.basic.code.tex) (/opt/homebrew/Cellar/texlive/20240312/share/texmf-dist/tex/generic/pgf/math/pgfmathfunctions.trigonometric.code.tex) (/opt/homebrew/Cellar/texlive/20240312/share/texmf-dist/tex/generic/pgf/math/pgfmathfunctions.random.code.tex) (/opt/homebrew/Cellar/texlive/20240312/share/texmf-dist/tex/generic/pgf/math/pgfmathfunctions.comparison.code.tex) (/opt/homebrew/Cellar/texlive/20240312/share/texmf-dist/tex/generic/pgf/math/pgfmathfunctions.base.code.tex) (/opt/homebrew/Cellar/texlive/20240312/share/texmf-dist/tex/generic/pgf/math/pgfmathfunctions.round.code.tex) (/opt/homebrew/Cellar/texlive/20240312/share/texmf-dist/tex/generic/pgf/math/pgfmathfunctions.misc.code.tex) (/opt/homebrew/Cellar/texlive/20240312/share/texmf-dist/tex/generic/pgf/math/pgfmathfunctions.integerarithmetics.code.tex) (/opt/homebrew/Cellar/texlive/20240312/share/texmf-dist/tex/generic/pgf/math/pgfmathcalc.code.tex) (/opt/homebrew/Cellar/texlive/20240312/share/texmf-dist/tex/generic/pgf/math/pgfmathfloat.code.tex
\c@pgfmathroundto@lastzeros=\count290
)) (/opt/homebrew/Cellar/texlive/20240312/share/texmf-dist/tex/generic/pgf/math/pgfint.code.tex) (/opt/homebrew/Cellar/texlive/20240312/share/texmf-dist/tex/generic/pgf/basiclayer/pgfcorepoints.code.tex
File: pgfcorepoints.code.tex 2023-01-15 v3.1.10 (3.1.10)
\pgf@picminx=\dimen180
\pgf@picmaxx=\dimen181
\pgf@picminy=\dimen182
\pgf@picmaxy=\dimen183
\pgf@pathminx=\dimen184
\pgf@pathmaxx=\dimen185
\pgf@pathminy=\dimen186
\pgf@pathmaxy=\dimen187
\pgf@xx=\dimen188
\pgf@xy=\dimen189
\pgf@yx=\dimen190
\pgf@yy=\dimen191
\pgf@zx=\dimen192
\pgf@zy=\dimen193
) (/opt/homebrew/Cellar/texlive/20240312/share/texmf-dist/tex/generic/pgf/basiclayer/pgfcorepathconstruct.code.tex
File: pgfcorepathconstruct.code.tex 2023-01-15 v3.1.10 (3.1.10)
\pgf@path@lastx=\dimen194
\pgf@path@lasty=\dimen195
) (/opt/homebrew/Cellar/texlive/20240312/share/texmf-dist/tex/generic/pgf/basiclayer/pgfcorepathusage.code.tex
File: pgfcorepathusage.code.tex 2023-01-15 v3.1.10 (3.1.10)
\pgf@shorten@end@additional=\dimen196
\pgf@shorten@start@additional=\dimen197
) (/opt/homebrew/Cellar/texlive/20240312/share/texmf-dist/tex/generic/pgf/basiclayer/pgfcorescopes.code.tex
File: pgfcorescopes.code.tex 2023-01-15 v3.1.10 (3.1.10)
\pgfpic=\box59
\pgf@hbox=\box60
\pgf@layerbox@main=\box61
\pgf@picture@serial@count=\count291
) (/opt/homebrew/Cellar/texlive/20240312/share/texmf-dist/tex/generic/pgf/basiclayer/pgfcoregraphicstate.code.tex
File: pgfcoregraphicstate.code.tex 2023-01-15 v3.1.10 (3.1.10)
\pgflinewidth=\dimen198
) (/opt/homebrew/Cellar/texlive/20240312/share/texmf-dist/tex/generic/pgf/basiclayer/pgfcoretransformations.code.tex
File: pgfcoretransformations.code.tex 2023-01-15 v3.1.10 (3.1.10)
\pgf@pt@x=\dimen199
\pgf@pt@y=\dimen256
\pgf@pt@temp=\dimen257
) (/opt/homebrew/Cellar/texlive/20240312/share/texmf-dist/tex/generic/pgf/basiclayer/pgfcorequick.code.tex
File: pgfcorequick.code.tex 2023-01-15 v3.1.10 (3.1.10)
) (/opt/homebrew/Cellar/texlive/20240312/share/texmf-dist/tex/generic/pgf/basiclayer/pgfcoreobjects.code.tex
File: pgfcoreobjects.code.tex 2023-01-15 v3.1.10 (3.1.10)
) (/opt/homebrew/Cellar/texlive/20240312/share/texmf-dist/tex/generic/pgf/basiclayer/pgfcorepathprocessing.code.tex
File: pgfcorepathprocessing.code.tex 2023-01-15 v3.1.10 (3.1.10)
) (/opt/homebrew/Cellar/texlive/20240312/share/texmf-dist/tex/generic/pgf/basiclayer/pgfcorearrows.code.tex
File: pgfcorearrows.code.tex 2023-01-15 v3.1.10 (3.1.10)
\pgfarrowsep=\dimen258
) (/opt/homebrew/Cellar/texlive/20240312/share/texmf-dist/tex/generic/pgf/basiclayer/pgfcoreshade.code.tex
File: pgfcoreshade.code.tex 2023-01-15 v3.1.10 (3.1.10)
\pgf@max=\dimen259
\pgf@sys@shading@range@num=\count292
\pgf@shadingcount=\count293
) (/opt/homebrew/Cellar/texlive/20240312/share/texmf-dist/tex/generic/pgf/basiclayer/pgfcoreimage.code.tex
File: pgfcoreimage.code.tex 2023-01-15 v3.1.10 (3.1.10)
) (/opt/homebrew/Cellar/texlive/20240312/share/texmf-dist/tex/generic/pgf/basiclayer/pgfcoreexternal.code.tex
File: pgfcoreexternal.code.tex 2023-01-15 v3.1.10 (3.1.10)
\pgfexternal@startupbox=\box62
) (/opt/homebrew/Cellar/texlive/20240312/share/texmf-dist/tex/generic/pgf/basiclayer/pgfcorelayers.code.tex
File: pgfcorelayers.code.tex 2023-01-15 v3.1.10 (3.1.10)
) (/opt/homebrew/Cellar/texlive/20240312/share/texmf-dist/tex/generic/pgf/basiclayer/pgfcoretransparency.code.tex
File: pgfcoretransparency.code.tex 2023-01-15 v3.1.10 (3.1.10)
) (/opt/homebrew/Cellar/texlive/20240312/share/texmf-dist/tex/generic/pgf/basiclayer/pgfcorepatterns.code.tex
File: pgfcorepatterns.code.tex 2023-01-15 v3.1.10 (3.1.10)
) (/opt/homebrew/Cellar/texlive/20240312/share/texmf-dist/tex/generic/pgf/basiclayer/pgfcorerdf.code.tex
File: pgfcorerdf.code.tex 2023-01-15 v3.1.10 (3.1.10)
))) (/opt/homebrew/Cellar/texlive/20240312/share/texmf-dist/tex/generic/pgf/modules/pgfmoduleshapes.code.tex
File: pgfmoduleshapes.code.tex 2023-01-15 v3.1.10 (3.1.10)
\pgfnodeparttextbox=\box63
) (/opt/homebrew/Cellar/texlive/20240312/share/texmf-dist/tex/generic/pgf/modules/pgfmoduleplot.code.tex
File: pgfmoduleplot.code.tex 2023-01-15 v3.1.10 (3.1.10)
) (/opt/homebrew/Cellar/texlive/20240312/share/texmf-dist/tex/latex/pgf/compatibility/pgfcomp-version-0-65.sty
Package: pgfcomp-version-0-65 2023-01-15 v3.1.10 (3.1.10)
\pgf@nodesepstart=\dimen260
\pgf@nodesepend=\dimen261
) (/opt/homebrew/Cellar/texlive/20240312/share/texmf-dist/tex/latex/pgf/compatibility/pgfcomp-version-1-18.sty
Package: pgfcomp-version-1-18 2023-01-15 v3.1.10 (3.1.10)
)) (/opt/homebrew/Cellar/texlive/20240312/share/texmf-dist/tex/latex/pgf/utilities/pgffor.sty (/opt/homebrew/Cellar/texlive/20240312/share/texmf-dist/tex/latex/pgf/utilities/pgfkeys.sty (/opt/homebrew/Cellar/texlive/20240312/share/texmf-dist/tex/generic/pgf/utilities/pgfkeys.code.tex)) (/opt/homebrew/Cellar/texlive/20240312/share/texmf-dist/tex/latex/pgf/math/pgfmath.sty (/opt/homebrew/Cellar/texlive/20240312/share/texmf-dist/tex/generic/pgf/math/pgfmath.code.tex)) (/opt/homebrew/Cellar/texlive/20240312/share/texmf-dist/tex/generic/pgf/utilities/pgffor.code.tex
Package: pgffor 2023-01-15 v3.1.10 (3.1.10)
\pgffor@iter=\dimen262
\pgffor@skip=\dimen263
\pgffor@stack=\toks42
\pgffor@toks=\toks43
)) (/opt/homebrew/Cellar/texlive/20240312/share/texmf-dist/tex/generic/pgf/frontendlayer/tikz/tikz.code.tex
Package: tikz 2023-01-15 v3.1.10 (3.1.10)
 (/opt/homebrew/Cellar/texlive/20240312/share/texmf-dist/tex/generic/pgf/libraries/pgflibraryplothandlers.code.tex
File: pgflibraryplothandlers.code.tex 2023-01-15 v3.1.10 (3.1.10)
\pgf@plot@mark@count=\count294
\pgfplotmarksize=\dimen264
)
\tikz@lastx=\dimen265
\tikz@lasty=\dimen266
\tikz@lastxsaved=\dimen267
\tikz@lastysaved=\dimen268
\tikz@lastmovetox=\dimen269
\tikz@lastmovetoy=\dimen270
\tikzleveldistance=\dimen271
\tikzsiblingdistance=\dimen272
\tikz@figbox=\box64
\tikz@figbox@bg=\box65
\tikz@tempbox=\box66
\tikz@tempbox@bg=\box67
\tikztreelevel=\count295
\tikznumberofchildren=\count296
\tikznumberofcurrentchild=\count297
\tikz@fig@count=\count298
 (/opt/homebrew/Cellar/texlive/20240312/share/texmf-dist/tex/generic/pgf/modules/pgfmodulematrix.code.tex
File: pgfmodulematrix.code.tex 2023-01-15 v3.1.10 (3.1.10)
\pgfmatrixcurrentrow=\count299
\pgfmatrixcurrentcolumn=\count300
\pgf@matrix@numberofcolumns=\count301
)
\tikz@expandcount=\count302
 (/opt/homebrew/Cellar/texlive/20240312/share/texmf-dist/tex/generic/pgf/frontendlayer/tikz/libraries/tikzlibrarytopaths.code.tex
File: tikzlibrarytopaths.code.tex 2023-01-15 v3.1.10 (3.1.10)
))) (/opt/homebrew/Cellar/texlive/20240312/share/texmf-dist/tex/latex/datetime2/datetime2.sty
Package: datetime2 2021/03/21 v1.5.7 (NLCT) date and time formats
 (/opt/homebrew/Cellar/texlive/20240312/share/texmf-dist/tex/latex/tracklang/tracklang.sty
Package: tracklang 2022/12/13 v1.6.1 (NLCT) Track Languages
 (/opt/homebrew/Cellar/texlive/20240312/share/texmf-dist/tex/generic/tracklang/tracklang.tex)) (/opt/homebrew/Cellar/texlive/20240312/share/texmf-dist/tex/latex/etoolbox/etoolbox.sty
Package: etoolbox 2020/10/05 v2.5k e-TeX tools for LaTeX (JAW)
\etb@tempcnta=\count303
)) (/opt/homebrew/Cellar/texlive/20240312/share/texmf-dist/tex/latex/caption/subcaption.sty
Package: subcaption 2023/07/28 v1.6b Sub-captions (AR)
 (/opt/homebrew/Cellar/texlive/20240312/share/texmf-dist/tex/latex/caption/caption.sty
Package: caption 2023/08/05 v3.6o Customizing captions (AR)
 (/opt/homebrew/Cellar/texlive/20240312/share/texmf-dist/tex/latex/caption/caption3.sty
Package: caption3 2023/07/31 v2.4d caption3 kernel (AR)
\caption@tempdima=\dimen273
\captionmargin=\dimen274
\caption@leftmargin=\dimen275
\caption@rightmargin=\dimen276
\caption@width=\dimen277
\caption@indent=\dimen278
\caption@parindent=\dimen279
\caption@hangindent=\dimen280
Package caption Info: Standard document class detected.
)
\c@caption@flags=\count304
\c@continuedfloat=\count305
Package caption Info: float package is loaded.
Package caption Info: wrapfig package is loaded.
)
Package caption Info: New subtype `subfigure' on input line 238.
\c@subfigure=\count306
Package caption Info: New subtype `subtable' on input line 238.
\c@subtable=\count307
) (/opt/homebrew/Cellar/texlive/20240312/share/texmf-dist/tex/latex/setspace/setspace.sty
Package: setspace 2022/12/04 v6.7b set line spacing
) (/opt/homebrew/Cellar/texlive/20240312/share/texmf-dist/tex/latex/parskip/parskip.sty
Package: parskip 2021-03-14 v2.0h non-zero parskip adjustments
 (/opt/homebrew/Cellar/texlive/20240312/share/texmf-dist/tex/latex/kvoptions/kvoptions.sty
Package: kvoptions 2022-06-15 v3.15 Key value format for package options (HO)
 (/opt/homebrew/Cellar/texlive/20240312/share/texmf-dist/tex/generic/ltxcmds/ltxcmds.sty
Package: ltxcmds 2023-12-04 v1.26 LaTeX kernel commands for general use (HO)
) (/opt/homebrew/Cellar/texlive/20240312/share/texmf-dist/tex/latex/kvsetkeys/kvsetkeys.sty
Package: kvsetkeys 2022-10-05 v1.19 Key value parser (HO)
))) (/opt/homebrew/Cellar/texlive/20240312/share/texmf-dist/tex/latex/lipsum/lipsum.sty (/opt/homebrew/Cellar/texlive/20240312/share/texmf-dist/tex/latex/l3packages/l3keys2e/l3keys2e.sty (/opt/homebrew/Cellar/texlive/20240312/share/texmf-dist/tex/latex/l3kernel/expl3.sty
Package: expl3 2024-02-20 L3 programming layer (loader) 
 (/opt/homebrew/Cellar/texlive/20240312/share/texmf-dist/tex/latex/l3backend/l3backend-pdftex.def
File: l3backend-pdftex.def 2024-02-20 L3 backend support: PDF output (pdfTeX)
\l__color_backend_stack_int=\count308
\l__pdf_internal_box=\box68
))
Package: l3keys2e 2024-02-18 LaTeX2e option processing using LaTeX3 keys
)
Package: lipsum 2021-09-20 v2.7 150 paragraphs of Lorem Ipsum dummy text
\g__lipsum_par_int=\count309
\l__lipsum_a_int=\count310
\l__lipsum_b_int=\count311
 (/opt/homebrew/Cellar/texlive/20240312/share/texmf-dist/tex/latex/lipsum/lipsum.ltd.tex)) (/opt/homebrew/Cellar/texlive/20240312/share/texmf-dist/tex/latex/hyperref/hyperref.sty
Package: hyperref 2024-01-20 v7.01h Hypertext links for LaTeX
 (/opt/homebrew/Cellar/texlive/20240312/share/texmf-dist/tex/generic/kvdefinekeys/kvdefinekeys.sty
Package: kvdefinekeys 2019-12-19 v1.6 Define keys (HO)
) (/opt/homebrew/Cellar/texlive/20240312/share/texmf-dist/tex/generic/pdfescape/pdfescape.sty
Package: pdfescape 2019/12/09 v1.15 Implements pdfTeX's escape features (HO)
 (/opt/homebrew/Cellar/texlive/20240312/share/texmf-dist/tex/generic/pdftexcmds/pdftexcmds.sty
Package: pdftexcmds 2020-06-27 v0.33 Utility functions of pdfTeX for LuaTeX (HO)
 (/opt/homebrew/Cellar/texlive/20240312/share/texmf-dist/tex/generic/infwarerr/infwarerr.sty
Package: infwarerr 2019/12/03 v1.5 Providing info/warning/error messages (HO)
)
Package pdftexcmds Info: \pdf@primitive is available.
Package pdftexcmds Info: \pdf@ifprimitive is available.
Package pdftexcmds Info: \pdfdraftmode found.
)) (/opt/homebrew/Cellar/texlive/20240312/share/texmf-dist/tex/latex/hycolor/hycolor.sty
Package: hycolor 2020-01-27 v1.10 Color options for hyperref/bookmark (HO)
) (/opt/homebrew/Cellar/texlive/20240312/share/texmf-dist/tex/latex/auxhook/auxhook.sty
Package: auxhook 2019-12-17 v1.6 Hooks for auxiliary files (HO)
) (/opt/homebrew/Cellar/texlive/20240312/share/texmf-dist/tex/latex/hyperref/nameref.sty
Package: nameref 2023-11-26 v2.56 Cross-referencing by name of section
 (/opt/homebrew/Cellar/texlive/20240312/share/texmf-dist/tex/latex/refcount/refcount.sty
Package: refcount 2019/12/15 v3.6 Data extraction from label references (HO)
) (/opt/homebrew/Cellar/texlive/20240312/share/texmf-dist/tex/generic/gettitlestring/gettitlestring.sty
Package: gettitlestring 2019/12/15 v1.6 Cleanup title references (HO)
)
\c@section@level=\count312
)
\@linkdim=\dimen281
\Hy@linkcounter=\count313
\Hy@pagecounter=\count314
 (/opt/homebrew/Cellar/texlive/20240312/share/texmf-dist/tex/latex/hyperref/pd1enc.def
File: pd1enc.def 2024-01-20 v7.01h Hyperref: PDFDocEncoding definition (HO)
Now handling font encoding PD1 ...
... no UTF-8 mapping file for font encoding PD1
) (/opt/homebrew/Cellar/texlive/20240312/share/texmf-dist/tex/generic/intcalc/intcalc.sty
Package: intcalc 2019/12/15 v1.3 Expandable calculations with integers (HO)
)
\Hy@SavedSpaceFactor=\count315
 (/opt/homebrew/Cellar/texlive/20240312/share/texmf-dist/tex/latex/hyperref/puenc.def
File: puenc.def 2024-01-20 v7.01h Hyperref: PDF Unicode definition (HO)
Now handling font encoding PU ...
... no UTF-8 mapping file for font encoding PU
)
Package hyperref Info: Hyper figures OFF on input line 4179.
Package hyperref Info: Link nesting OFF on input line 4184.
Package hyperref Info: Hyper index ON on input line 4187.
Package hyperref Info: Plain pages OFF on input line 4194.
Package hyperref Info: Backreferencing OFF on input line 4199.
Package hyperref Info: Implicit mode ON; LaTeX internals redefined.
Package hyperref Info: Bookmarks ON on input line 4446.
\c@Hy@tempcnt=\count316
 (/opt/homebrew/Cellar/texlive/20240312/share/texmf-dist/tex/latex/url/url.sty
\Urlmuskip=\muskip17
Package: url 2013/09/16  ver 3.4  Verb mode for urls, etc.
)
LaTeX Info: Redefining \url on input line 4784.
\XeTeXLinkMargin=\dimen282
 (/opt/homebrew/Cellar/texlive/20240312/share/texmf-dist/tex/generic/bitset/bitset.sty
Package: bitset 2019/12/09 v1.3 Handle bit-vector datatype (HO)
 (/opt/homebrew/Cellar/texlive/20240312/share/texmf-dist/tex/generic/bigintcalc/bigintcalc.sty
Package: bigintcalc 2019/12/15 v1.5 Expandable calculations on big integers (HO)
))
\Fld@menulength=\count317
\Field@Width=\dimen283
\Fld@charsize=\dimen284
Package hyperref Info: Hyper figures OFF on input line 6063.
Package hyperref Info: Link nesting OFF on input line 6068.
Package hyperref Info: Hyper index ON on input line 6071.
Package hyperref Info: backreferencing OFF on input line 6078.
Package hyperref Info: Link coloring OFF on input line 6083.
Package hyperref Info: Link coloring with OCG OFF on input line 6088.
Package hyperref Info: PDF/A mode OFF on input line 6093.
 (/opt/homebrew/Cellar/texlive/20240312/share/texmf-dist/tex/latex/base/atbegshi-ltx.sty
Package: atbegshi-ltx 2021/01/10 v1.0c Emulation of the original atbegshi
package with kernel methods
)
\Hy@abspage=\count318
\c@Item=\count319
\c@Hfootnote=\count320
)
Package hyperref Info: Driver (autodetected): hpdftex.
 (/opt/homebrew/Cellar/texlive/20240312/share/texmf-dist/tex/latex/hyperref/hpdftex.def
File: hpdftex.def 2024-01-20 v7.01h Hyperref driver for pdfTeX
 (/opt/homebrew/Cellar/texlive/20240312/share/texmf-dist/tex/latex/base/atveryend-ltx.sty
Package: atveryend-ltx 2020/08/19 v1.0a Emulation of the original atveryend package
with kernel methods
)
\Fld@listcount=\count321
\c@bookmark@seq@number=\count322

(/opt/homebrew/Cellar/texlive/20240312/share/texmf-dist/tex/latex/rerunfilecheck/rerunfilecheck.sty
Package: rerunfilecheck 2022-07-10 v1.10 Rerun checks for auxiliary files (HO)
 (/opt/homebrew/Cellar/texlive/20240312/share/texmf-dist/tex/generic/uniquecounter/uniquecounter.sty
Package: uniquecounter 2019/12/15 v1.4 Provide unlimited unique counter (HO)
)
Package uniquecounter Info: New unique counter `rerunfilecheck' on input line 285.
)
\Hy@SectionHShift=\skip64
) (/opt/homebrew/Cellar/texlive/20240312/share/texmf-dist/tex/latex/cleveref/cleveref.sty
Package: cleveref 2018/03/27 v0.21.4 Intelligent cross-referencing
Package cleveref Info: `hyperref' support loaded on input line 2370.
LaTeX Info: Redefining \cref on input line 2370.
LaTeX Info: Redefining \Cref on input line 2370.
LaTeX Info: Redefining \crefrange on input line 2370.
LaTeX Info: Redefining \Crefrange on input line 2370.
LaTeX Info: Redefining \cpageref on input line 2370.
LaTeX Info: Redefining \Cpageref on input line 2370.
LaTeX Info: Redefining \cpagerefrange on input line 2370.
LaTeX Info: Redefining \Cpagerefrange on input line 2370.
LaTeX Info: Redefining \labelcref on input line 2370.
LaTeX Info: Redefining \labelcpageref on input line 2370.
)
Package hyperref Info: Option `colorlinks' set `true' on input line 49.
 (./main.aux)
\openout1 = `main.aux'.

LaTeX Font Info:    Checking defaults for OML/cmm/m/it on input line 106.
LaTeX Font Info:    ... okay on input line 106.
LaTeX Font Info:    Checking defaults for OMS/cmsy/m/n on input line 106.
LaTeX Font Info:    ... okay on input line 106.
LaTeX Font Info:    Checking defaults for OT1/cmr/m/n on input line 106.
LaTeX Font Info:    ... okay on input line 106.
LaTeX Font Info:    Checking defaults for T1/cmr/m/n on input line 106.
LaTeX Font Info:    ... okay on input line 106.
LaTeX Font Info:    Checking defaults for TS1/cmr/m/n on input line 106.
LaTeX Font Info:    ... okay on input line 106.
LaTeX Font Info:    Checking defaults for OMX/cmex/m/n on input line 106.
LaTeX Font Info:    ... okay on input line 106.
LaTeX Font Info:    Checking defaults for U/cmr/m/n on input line 106.
LaTeX Font Info:    ... okay on input line 106.
LaTeX Font Info:    Checking defaults for PD1/pdf/m/n on input line 106.
LaTeX Font Info:    ... okay on input line 106.
LaTeX Font Info:    Checking defaults for PU/pdf/m/n on input line 106.
LaTeX Font Info:    ... okay on input line 106.

*geometry* driver: auto-detecting
*geometry* detected driver: pdftex
*geometry* verbose mode - [ preamble ] result:
* driver: pdftex
* paper: a4paper
* layout: <same size as paper>
* layoutoffset:(h,v)=(0.0pt,0.0pt)
* modes: 
* h-part:(L,W,R)=(89.62709pt, 418.25368pt, 89.6271pt)
* v-part:(T,H,B)=(101.40665pt, 591.5302pt, 152.11pt)
* \paperwidth=597.50787pt
* \paperheight=845.04684pt
* \textwidth=455.24408pt
* \textheight=640.187pt
* \oddsidemargin=-3.55658pt
* \evensidemargin=17.3571pt
* \topmargin=1.42271pt
* \headheight=15.0pt
* \headsep=25.0pt
* \topskip=12.0pt
* \footskip=30.0pt
* \marginparwidth=44.0pt
* \marginparsep=10.0pt
* \columnsep=10.0pt
* \skip\footins=10.8pt plus 4.0pt minus 2.0pt
* \hoffset=0.0pt
* \voffset=0.0pt
* \mag=1000
* \@twocolumnfalse
* \@twosidefalse
* \@mparswitchfalse
* \@reversemarginfalse
* (1in=72.27pt=25.4mm, 1cm=28.453pt)

(/opt/homebrew/Cellar/texlive/20240312/share/texmf-dist/tex/context/base/mkii/supp-pdf.mkii
[Loading MPS to PDF converter (version 2006.09.02).]
\scratchcounter=\count323
\scratchdimen=\dimen285
\scratchbox=\box69
\nofMPsegments=\count324
\nofMParguments=\count325
\everyMPshowfont=\toks44
\MPscratchCnt=\count326
\MPscratchDim=\dimen286
\MPnumerator=\count327
\makeMPintoPDFobject=\count328
\everyMPtoPDFconversion=\toks45
) (/opt/homebrew/Cellar/texlive/20240312/share/texmf-dist/tex/latex/epstopdf-pkg/epstopdf-base.sty
Package: epstopdf-base 2020-01-24 v2.11 Base part for package epstopdf
Package epstopdf-base Info: Redefining graphics rule for `.eps' on input line 485.
 (/opt/homebrew/Cellar/texlive/20240312/share/texmf-dist/tex/latex/latexconfig/epstopdf-sys.cfg
File: epstopdf-sys.cfg 2010/07/13 v1.3 Configuration of (r)epstopdf for TeX Live
))
Package caption Info: Begin \AtBeginDocument code.
Package caption Info: hyperref package is loaded.
Package caption Info: End \AtBeginDocument code.
Package hyperref Info: Link coloring ON on input line 106.
 (./main.out) (./main.out)
\@outlinefile=\write4
\openout4 = `main.out'.

 (./titlepage.tex
<./imgs/logo.png, id=87, 420.57124pt x 384.43625pt>
File: ./imgs/logo.png Graphic file (type png)
<use ./imgs/logo.png>
Package pdftex.def Info: ./imgs/logo.png  used on input line 20.
(pdftex.def)             Requested size: 182.09485pt x 166.44823pt.
 [1

{/opt/homebrew/Cellar/texlive/20240312/share/texmf-dist/fonts/map/pdftex/updmap/pdftex.map} <./imgs/logo.png>]) (./abstract.tex)
pdfTeX warning (ext4): destination with the same identifier (name{page.1}) has been already used, duplicate ignored
<to be read again> 
                   \relax 
l.114 \newpage
               [1

] [2

] (./declarations.tex) [3

] (./Acknowledgements.tex) [4

] (./main.toc
LaTeX Font Info:    Trying to load font information for U+msa on input line 5.
 (/opt/homebrew/Cellar/texlive/20240312/share/texmf-dist/tex/latex/amsfonts/umsa.fd
File: umsa.fd 2013/01/14 v3.01 AMS symbols A
)
LaTeX Font Info:    Trying to load font information for U+msb on input line 5.
 (/opt/homebrew/Cellar/texlive/20240312/share/texmf-dist/tex/latex/amsfonts/umsb.fd
File: umsb.fd 2013/01/14 v3.01 AMS symbols B
)
LaTeX Font Info:    Trying to load font information for U+rsfs on input line 5.
 (/opt/homebrew/Cellar/texlive/20240312/share/texmf-dist/tex/latex/jknapltx/ursfs.fd
File: ursfs.fd 1998/03/24 rsfs font definition file (jk)
)
LaTeX Font Info:    Trying to load font information for OMS+rsfs on input line 5.
 (/opt/homebrew/Cellar/texlive/20240312/share/texmf-dist/tex/latex/calrsfs/OMSrsfs.fd))
\tf@toc=\write5
\openout5 = `main.toc'.

 [5

]
Chapter 1.
(./chap 1 (Intro).tex [6

] [7] [8] [9]) [10]
Chapter 2.
(./chap 2 (Methodology).tex [11

]
<./imgs/VCSEL.jpg, id=240, 602.25pt x 242.9075pt>
File: ./imgs/VCSEL.jpg Graphic file (type jpg)
<use ./imgs/VCSEL.jpg>
Package pdftex.def Info: ./imgs/VCSEL.jpg  used on input line 46.
(pdftex.def)             Requested size: 301.12425pt x 121.45345pt.
 [12] [13 <./imgs/VCSEL.jpg>] [14]
LaTeX Font Info:    Trying to load font information for U+dutchcal on input line 114.
 (/opt/homebrew/Cellar/texlive/20240312/share/texmf-dist/tex/latex/dutchcal/udutchcal.fd
File: udutchcal.fd 2011/06/16 Fontinst v1.933 font definitions for U/dutchcal.
)
LaTeX Font Info:    Font shape `U/dutchcal/m/n' will be
(Font)              scaled to size 12.0pt on input line 114.
LaTeX Font Info:    Font shape `U/dutchcal/m/n' will be
(Font)              scaled to size 8.0pt on input line 114.
LaTeX Font Info:    Font shape `U/dutchcal/m/n' will be
(Font)              scaled to size 6.0pt on input line 114.
 [15]) [16]
Chapter 3.
(./chap 3 (Analysis).tex
<./imgs/CGLE without potential.png, id=306, 1124.2pt x 843.15pt>
File: ./imgs/CGLE without potential.png Graphic file (type png)
<use ./imgs/CGLE without potential.png>
Package pdftex.def Info: ./imgs/CGLE without potential.png  used on input line 8.
(pdftex.def)             Requested size: 252.95123pt x 189.71342pt.
<./imgs/CGLE without potential cont.png, id=307, 1124.2pt x 843.15pt>
File: ./imgs/CGLE without potential cont.png Graphic file (type png)
<use ./imgs/CGLE without potential cont.png>
Package pdftex.def Info: ./imgs/CGLE without potential cont.png  used on input line 9.
(pdftex.def)             Requested size: 252.95123pt x 189.71342pt.

Overfull \hbox (53.26947pt too wide) in paragraph at lines 8--10
[][] [] 
 []

[17

 <./imgs/CGLE without potential.png (PNG copy)> <./imgs/CGLE without potential cont.png (PNG copy)>]
<./imgs/sinc potential profile.png, id=315, 368.37625pt x 258.46562pt>
File: ./imgs/sinc potential profile.png Graphic file (type png)
<use ./imgs/sinc potential profile.png>
Package pdftex.def Info: ./imgs/sinc potential profile.png  used on input line 43.
(pdftex.def)             Requested size: 276.2815pt x 193.84872pt.


LaTeX Warning: `!h' float specifier changed to `!ht'.

<./imgs/44-12.998.png, id=316, 1110.1475pt x 820.06375pt>
File: ./imgs/44-12.998.png Graphic file (type png)
<use ./imgs/44-12.998.png>
Package pdftex.def Info: ./imgs/44-12.998.png  used on input line 51.
(pdftex.def)             Requested size: 249.78935pt x 184.51889pt.
<./imgs/44-12.998 cont.png, id=317, 1110.1475pt x 820.06375pt>
File: ./imgs/44-12.998 cont.png Graphic file (type png)
<use ./imgs/44-12.998 cont.png>
Package pdftex.def Info: ./imgs/44-12.998 cont.png  used on input line 52.
(pdftex.def)             Requested size: 249.78935pt x 184.51889pt.

Overfull \hbox (46.94571pt too wide) in paragraph at lines 51--53
[][] [] 
 []


LaTeX Warning: `!h' float specifier changed to `!ht'.

[18] [19 <./imgs/sinc potential profile.png> <./imgs/44-12.998.png> <./imgs/44-12.998 cont.png>]
<./imgs/TCMSG profile.png, id=340, 460.72125pt x 351.3125pt>
File: ./imgs/TCMSG profile.png Graphic file (type png)
<use ./imgs/TCMSG profile.png>
Package pdftex.def Info: ./imgs/TCMSG profile.png  used on input line 76.
(pdftex.def)             Requested size: 230.36006pt x 175.6558pt.

Overfull \hbox (2.73802pt too wide) in paragraph at lines 76--77
[][] 
 []

<./imgs/TCMSG Profile(ariel view).png, id=341, 457.71pt x 384.43625pt>
File: ./imgs/TCMSG Profile(ariel view).png Graphic file (type png)
<use ./imgs/TCMSG Profile(ariel view).png>
Package pdftex.def Info: ./imgs/TCMSG Profile(ariel view).png  used on input line 81.
(pdftex.def)             Requested size: 228.85445pt x 192.21765pt.

Overfull \hbox (1.2324pt too wide) in paragraph at lines 81--82
[][] 
 []


Overfull \hbox (2.61108pt too wide) in paragraph at lines 75--85
[][] [] 
 []

<./imgs/TCMSG_10.png, id=343, 1116.17pt x 822.57312pt>
File: ./imgs/TCMSG_10.png Graphic file (type png)
<use ./imgs/TCMSG_10.png>
Package pdftex.def Info: ./imgs/TCMSG_10.png  used on input line 93.
(pdftex.def)             Requested size: 251.14444pt x 185.08351pt.
<./imgs/TCMSG_cont_10.png, id=344, 1117.67563pt x 818.05624pt>
File: ./imgs/TCMSG_cont_10.png Graphic file (type png)
<use ./imgs/TCMSG_cont_10.png>
Package pdftex.def Info: ./imgs/TCMSG_cont_10.png  used on input line 94.
(pdftex.def)             Requested size: 251.48322pt x 184.06718pt.

Overfull \hbox (49.99466pt too wide) in paragraph at lines 93--95
[][] [] 
 []


LaTeX Warning: `!h' float specifier changed to `!ht'.

[20 <./imgs/TCMSG Profile.png> <./imgs/TCMSG Profile(ariel view).png>]
<./imgs/Sinc_160-22.png, id=359, 1109.64563pt x 800.49063pt>
File: ./imgs/Sinc_160-22.png Graphic file (type png)
<use ./imgs/Sinc_160-22.png>
Package pdftex.def Info: ./imgs/Sinc_160-22.png  used on input line 106.
(pdftex.def)             Requested size: 249.67642pt x 180.11484pt.
<./imgs/Sinc_cont_160-22.png, id=360, 1113.66063pt x 828.59563pt>
File: ./imgs/Sinc_cont_160-22.png Graphic file (type png)
<use ./imgs/Sinc_cont_160-22.png>
Package pdftex.def Info: ./imgs/Sinc_cont_160-22.png  used on input line 107.
(pdftex.def)             Requested size: 250.57982pt x 186.43861pt.

Overfull \hbox (47.62325pt too wide) in paragraph at lines 106--108
[][] [] 
 []

[21 <./imgs/TCMSG_10.png> <./imgs/TCMSG_cont_10.png> <./imgs/Sinc_160-22.png> <./imgs/Sinc_cont_160-22.png>]
<./imgs/bessel-gaussian-profile.png, id=372, 594.22pt x 466.74374pt>
File: ./imgs/bessel-gaussian-profile.png Graphic file (type png)
<use ./imgs/bessel-gaussian-profile.png>
Package pdftex.def Info: ./imgs/bessel-gaussian-profile.png  used on input line 133.
(pdftex.def)             Requested size: 178.26736pt x 140.0242pt.
<./imgs/bessel-gaussian-ariel.png, id=373, 676.5275pt x 508.90125pt>
File: ./imgs/bessel-gaussian-ariel.png Graphic file (type png)
<use ./imgs/bessel-gaussian-ariel.png>
Package pdftex.def Info: ./imgs/bessel-gaussian-ariel.png  used on input line 134.
(pdftex.def)             Requested size: 202.95981pt x 152.67155pt.
<./imgs/3Bessel_5-1.png, id=374, 1109.14375pt x 803.0pt>
File: ./imgs/3Bessel_5-1.png Graphic file (type png)
<use ./imgs/3Bessel_5-1.png>
Package pdftex.def Info: ./imgs/3Bessel_5-1.png  used on input line 140.
(pdftex.def)             Requested size: 249.56349pt x 180.67946pt.
<./imgs/3Bessel_cont_5-1.png, id=375, 1111.65312pt x 826.58812pt>
File: ./imgs/3Bessel_cont_5-1.png Graphic file (type png)
<use ./imgs/3Bessel_cont_5-1.png>
Package pdftex.def Info: ./imgs/3Bessel_cont_5-1.png  used on input line 141.
(pdftex.def)             Requested size: 250.12811pt x 185.98691pt.

Overfull \hbox (47.05861pt too wide) in paragraph at lines 140--142
[][] [] 
 []

[22 <./imgs/bessel-gaussian-profile.png> <./imgs/bessel-gaussian-ariel.png>]
LaTeX Font Info:    Font shape `U/dutchcal/m/n' will be
(Font)              scaled to size 10.0pt on input line 154.
LaTeX Font Info:    Font shape `U/dutchcal/m/n' will be
(Font)              scaled to size 7.0pt on input line 154.
LaTeX Font Info:    Font shape `U/dutchcal/m/n' will be
(Font)              scaled to size 5.0pt on input line 154.
 [23 <./imgs/3Bessel_5-1.png> <./imgs/3Bessel_cont_5-1.png>] [24]
<./imgs/gaussian_stab/Bessel-Gaussian _lyapunov_3d_surface.png, id=415, 602.25pt x 401.5pt>
File: ./imgs/gaussian_stab/Bessel-Gaussian _lyapunov_3d_surface.png Graphic file (type png)
<use ./imgs/gaussian_stab/Bessel-Gaussian _lyapunov_3d_surface.png>
Package pdftex.def Info: ./imgs/gaussian_stab/Bessel-Gaussian _lyapunov_3d_surface.png  used on input line 196.
(pdftex.def)             Requested size: 180.67639pt x 120.45091pt.

Overfull \hbox (39.55185pt too wide) in paragraph at lines 196--198
 [][] 
 []

<./imgs/gaussian_stab/Bessel-Gaussian _mu_slice_plot.png, id=416, 602.25pt x 401.5pt>
File: ./imgs/gaussian_stab/Bessel-Gaussian _mu_slice_plot.png Graphic file (type png)
<use ./imgs/gaussian_stab/Bessel-Gaussian _mu_slice_plot.png>
Package pdftex.def Info: ./imgs/gaussian_stab/Bessel-Gaussian _mu_slice_plot.png  used on input line 203.
(pdftex.def)             Requested size: 180.67639pt x 120.45091pt.

Overfull \hbox (39.55185pt too wide) in paragraph at lines 203--205
 [][] 
 []

<./imgs/gaussian_stab/Bessel-Gaussian _sigma_slice_plot.png, id=417, 602.25pt x 401.5pt>
File: ./imgs/gaussian_stab/Bessel-Gaussian _sigma_slice_plot.png Graphic file (type png)
<use ./imgs/gaussian_stab/Bessel-Gaussian _sigma_slice_plot.png>
Package pdftex.def Info: ./imgs/gaussian_stab/Bessel-Gaussian _sigma_slice_plot.png  used on input line 210.
(pdftex.def)             Requested size: 180.67639pt x 120.45091pt.

Overfull \hbox (39.55185pt too wide) in paragraph at lines 210--212
 [][] 
 []

<./imgs/gaussian_stab/Bessel-Gaussian _stability_regions_contour.png, id=418, 602.25pt x 401.5pt>
File: ./imgs/gaussian_stab/Bessel-Gaussian _stability_regions_contour.png Graphic file (type png)
<use ./imgs/gaussian_stab/Bessel-Gaussian _stability_regions_contour.png>
Package pdftex.def Info: ./imgs/gaussian_stab/Bessel-Gaussian _stability_regions_contour.png  used on input line 219.
(pdftex.def)             Requested size: 180.67639pt x 120.45091pt.

Overfull \hbox (39.55185pt too wide) in paragraph at lines 219--221
 [][] 
 []

<./imgs/gaussian_stab/Bessel-Gaussian_lyapunov_heatmap.png, id=419, 602.25pt x 401.5pt>
File: ./imgs/gaussian_stab/Bessel-Gaussian_lyapunov_heatmap.png Graphic file (type png)
<use ./imgs/gaussian_stab/Bessel-Gaussian_lyapunov_heatmap.png>
Package pdftex.def Info: ./imgs/gaussian_stab/Bessel-Gaussian_lyapunov_heatmap.png  used on input line 226.
(pdftex.def)             Requested size: 180.67639pt x 120.45091pt.

Overfull \hbox (39.55185pt too wide) in paragraph at lines 226--228
 [][] 
 []

<./imgs/gaussian_stab/Bessel-Gaussian_phase_trajectory_1.png, id=420, 602.25pt x 401.5pt>
File: ./imgs/gaussian_stab/Bessel-Gaussian_phase_trajectory_1.png Graphic file (type png)
<use ./imgs/gaussian_stab/Bessel-Gaussian_phase_trajectory_1.png>
Package pdftex.def Info: ./imgs/gaussian_stab/Bessel-Gaussian_phase_trajectory_1.png  used on input line 233.
(pdftex.def)             Requested size: 180.67639pt x 120.45091pt.

Overfull \hbox (39.55185pt too wide) in paragraph at lines 233--235
 [][] 
 []

<./imgs/gaussian_stab/Bessel-Gaussian_phase_trajectory_2.png, id=421, 602.25pt x 401.5pt>
File: ./imgs/gaussian_stab/Bessel-Gaussian_phase_trajectory_2.png Graphic file (type png)
<use ./imgs/gaussian_stab/Bessel-Gaussian_phase_trajectory_2.png>
Package pdftex.def Info: ./imgs/gaussian_stab/Bessel-Gaussian_phase_trajectory_2.png  used on input line 242.
(pdftex.def)             Requested size: 180.67639pt x 120.45091pt.

Overfull \hbox (39.55185pt too wide) in paragraph at lines 242--244
 [][] 
 []

<./imgs/gaussian_stab/Bessel-Gaussian_phase_trajectory_3.png, id=422, 602.25pt x 401.5pt>
File: ./imgs/gaussian_stab/Bessel-Gaussian_phase_trajectory_3.png Graphic file (type png)
<use ./imgs/gaussian_stab/Bessel-Gaussian_phase_trajectory_3.png>
Package pdftex.def Info: ./imgs/gaussian_stab/Bessel-Gaussian_phase_trajectory_3.png  used on input line 249.
(pdftex.def)             Requested size: 180.67639pt x 120.45091pt.

Overfull \hbox (39.55185pt too wide) in paragraph at lines 249--251
 [][] 
 []

<./imgs/gaussian_stab/Bessel-Gaussian_phase_trajectory_4.png, id=423, 602.25pt x 401.5pt>
File: ./imgs/gaussian_stab/Bessel-Gaussian_phase_trajectory_4.png Graphic file (type png)
<use ./imgs/gaussian_stab/Bessel-Gaussian_phase_trajectory_4.png>
Package pdftex.def Info: ./imgs/gaussian_stab/Bessel-Gaussian_phase_trajectory_4.png  used on input line 256.
(pdftex.def)             Requested size: 180.67639pt x 120.45091pt.

Overfull \hbox (39.55185pt too wide) in paragraph at lines 256--258
 [][] 
 []

[25]
<./imgs/tcmsg_stab/Sinc_tcmsg_profile_lyapunov_3d_surface.png, id=436, 602.25pt x 401.5pt>
File: ./imgs/tcmsg_stab/Sinc_tcmsg_profile_lyapunov_3d_surface.png Graphic file (type png)
<use ./imgs/tcmsg_stab/Sinc_tcmsg_profile_lyapunov_3d_surface.png>
Package pdftex.def Info: ./imgs/tcmsg_stab/Sinc_tcmsg_profile_lyapunov_3d_surface.png  used on input line 269.
(pdftex.def)             Requested size: 180.67639pt x 120.45091pt.

Overfull \hbox (39.55185pt too wide) in paragraph at lines 269--271
 [][] 
 []

<./imgs/tcmsg_stab/Sinc_tcmsg_profile_mu_slice_plot.png, id=437, 602.25pt x 401.5pt>
File: ./imgs/tcmsg_stab/Sinc_tcmsg_profile_mu_slice_plot.png Graphic file (type png)
<use ./imgs/tcmsg_stab/Sinc_tcmsg_profile_mu_slice_plot.png>
Package pdftex.def Info: ./imgs/tcmsg_stab/Sinc_tcmsg_profile_mu_slice_plot.png  used on input line 276.
(pdftex.def)             Requested size: 180.67639pt x 120.45091pt.

Overfull \hbox (39.55185pt too wide) in paragraph at lines 276--278
 [][] 
 []

<./imgs/tcmsg_stab/Sinc_tcmsg_profile_sigma_slice_plot.png, id=438, 602.25pt x 401.5pt>
File: ./imgs/tcmsg_stab/Sinc_tcmsg_profile_sigma_slice_plot.png Graphic file (type png)
<use ./imgs/tcmsg_stab/Sinc_tcmsg_profile_sigma_slice_plot.png>
Package pdftex.def Info: ./imgs/tcmsg_stab/Sinc_tcmsg_profile_sigma_slice_plot.png  used on input line 283.
(pdftex.def)             Requested size: 180.67639pt x 120.45091pt.

Overfull \hbox (39.55185pt too wide) in paragraph at lines 283--285
 [][] 
 []

<./imgs/tcmsg_stab/Sinc_tcmsg_profile_stability_regions_contour.png, id=439, 602.25pt x 401.5pt>
File: ./imgs/tcmsg_stab/Sinc_tcmsg_profile_stability_regions_contour.png Graphic file (type png)
<use ./imgs/tcmsg_stab/Sinc_tcmsg_profile_stability_regions_contour.png>
Package pdftex.def Info: ./imgs/tcmsg_stab/Sinc_tcmsg_profile_stability_regions_contour.png  used on input line 292.
(pdftex.def)             Requested size: 180.67639pt x 120.45091pt.

Overfull \hbox (39.55185pt too wide) in paragraph at lines 292--294
 [][] 
 []

<./imgs/tcmsg_stab/Sinc_tcmsg_profile_lyapunov_heatmap.png, id=440, 602.25pt x 401.5pt>
File: ./imgs/tcmsg_stab/Sinc_tcmsg_profile_lyapunov_heatmap.png Graphic file (type png)
<use ./imgs/tcmsg_stab/Sinc_tcmsg_profile_lyapunov_heatmap.png>
Package pdftex.def Info: ./imgs/tcmsg_stab/Sinc_tcmsg_profile_lyapunov_heatmap.png  used on input line 299.
(pdftex.def)             Requested size: 180.67639pt x 120.45091pt.

Overfull \hbox (39.55185pt too wide) in paragraph at lines 299--301
 [][] 
 []

<./imgs/tcmsg_stab/Sinc_tcmsg_profile_phase_trajectory_1.png, id=441, 602.25pt x 401.5pt>
File: ./imgs/tcmsg_stab/Sinc_tcmsg_profile_phase_trajectory_1.png Graphic file (type png)
<use ./imgs/tcmsg_stab/Sinc_tcmsg_profile_phase_trajectory_1.png>
Package pdftex.def Info: ./imgs/tcmsg_stab/Sinc_tcmsg_profile_phase_trajectory_1.png  used on input line 306.
(pdftex.def)             Requested size: 180.67639pt x 120.45091pt.

Overfull \hbox (39.55185pt too wide) in paragraph at lines 306--308
 [][] 
 []

<./imgs/tcmsg_stab/Sinc_tcmsg_profile_phase_trajectory_2.png, id=442, 602.25pt x 401.5pt>
File: ./imgs/tcmsg_stab/Sinc_tcmsg_profile_phase_trajectory_2.png Graphic file (type png)
<use ./imgs/tcmsg_stab/Sinc_tcmsg_profile_phase_trajectory_2.png>
Package pdftex.def Info: ./imgs/tcmsg_stab/Sinc_tcmsg_profile_phase_trajectory_2.png  used on input line 315.
(pdftex.def)             Requested size: 180.67639pt x 120.45091pt.

Overfull \hbox (39.55185pt too wide) in paragraph at lines 315--317
 [][] 
 []

<./imgs/tcmsg_stab/Sinc_tcmsg_profile_phase_trajectory_3.png, id=443, 602.25pt x 401.5pt>
File: ./imgs/tcmsg_stab/Sinc_tcmsg_profile_phase_trajectory_3.png Graphic file (type png)
<use ./imgs/tcmsg_stab/Sinc_tcmsg_profile_phase_trajectory_3.png>
Package pdftex.def Info: ./imgs/tcmsg_stab/Sinc_tcmsg_profile_phase_trajectory_3.png  used on input line 322.
(pdftex.def)             Requested size: 180.67639pt x 120.45091pt.

Overfull \hbox (39.55185pt too wide) in paragraph at lines 322--324
 [][] 
 []

<./imgs/tcmsg_stab/Sinc_tcmsg_profile_phase_trajectory_4.png, id=444, 602.25pt x 401.5pt>
File: ./imgs/tcmsg_stab/Sinc_tcmsg_profile_phase_trajectory_4.png Graphic file (type png)
<use ./imgs/tcmsg_stab/Sinc_tcmsg_profile_phase_trajectory_4.png>
Package pdftex.def Info: ./imgs/tcmsg_stab/Sinc_tcmsg_profile_phase_trajectory_4.png  used on input line 329.
(pdftex.def)             Requested size: 180.67639pt x 120.45091pt.

Overfull \hbox (39.55185pt too wide) in paragraph at lines 329--331
 [][] 
 []

[26 <./imgs/gaussian_stab/Bessel-Gaussian _lyapunov_3d_surface.png> <./imgs/gaussian_stab/Bessel-Gaussian _mu_slice_plot.png> <./imgs/gaussian_stab/Bessel-Gaussian _sigma_slice_plot.png> <./imgs/gaussian_stab/Bessel-Gaussian _stability_regions_contour.png> <./imgs/gaussian_stab/Bessel-Gaussian_lyapunov_heatmap.png> <./imgs/gaussian_stab/Bessel-Gaussian_phase_trajectory_1.png> <./imgs/gaussian_stab/Bessel-Gaussian_phase_trajectory_2.png> <./imgs/gaussian_stab/Bessel-Gaussian_phase_trajectory_3.png> <./imgs/gaussian_stab/Bessel-Gaussian_phase_trajectory_4.png>] [27 <./imgs/tcmsg_stab/Sinc_tcmsg_profile_lyapunov_3d_surface.png> <./imgs/tcmsg_stab/Sinc_tcmsg_profile_mu_slice_plot.png> <./imgs/tcmsg_stab/Sinc_tcmsg_profile_sigma_slice_plot.png> <./imgs/tcmsg_stab/Sinc_tcmsg_profile_stability_regions_contour.png> <./imgs/tcmsg_stab/Sinc_tcmsg_profile_lyapunov_heatmap.png> <./imgs/tcmsg_stab/Sinc_tcmsg_profile_phase_trajectory_1.png> <./imgs/tcmsg_stab/Sinc_tcmsg_profile_phase_trajectory_2.png> <./imgs/tcmsg_stab/Sinc_tcmsg_profile_phase_trajectory_3.png> <./imgs/tcmsg_stab/Sinc_tcmsg_profile_phase_trajectory_4.png>]) [28] (./chap 4 (Conclusion).tex) (./main.bbl [29

] [30

] [31]) [32] 
enddocument/afterlastpage: lastpage setting LastPage.
(./main.aux)
 ***********
LaTeX2e <2023-11-01> patch level 1
L3 programming layer <2024-02-20>
 ***********
Package rerunfilecheck Info: File `main.out' has not changed.
(rerunfilecheck)             Checksum: C89C2F82B4B0EEC2D7A4F9F70BDEFD54;3156.
 ) 
Here is how much of TeX's memory you used:
 27983 strings out of 474116
 562067 string characters out of 5733619
 1937187 words of memory out of 5000000
 49723 multiletter control sequences out of 15000+600000
 573943 words of font info for 97 fonts, out of 8000000 for 9000
 1141 hyphenation exceptions out of 8191
 84i,12n,131p,1256b,630s stack positions out of 10000i,1000n,20000p,200000b,200000s
</opt/homebrew/Cellar/texlive/20240312/share/texmf-dist/fonts/type1/public/dutchcal/DutchCalReg.pfb></opt/homebrew/Cellar/texlive/20240312/share/texmf-dist/fonts/type1/public/amsfonts/cm/cmbx10.pfb></opt/homebrew/Cellar/texlive/20240312/share/texmf-dist/fonts/type1/public/amsfonts/cm/cmbx12.pfb></opt/homebrew/Cellar/texlive/20240312/share/texmf-dist/fonts/type1/public/amsfonts/cm/cmex10.pfb></opt/homebrew/Cellar/texlive/20240312/share/texmf-dist/fonts/type1/public/amsfonts/cm/cmmi12.pfb></opt/homebrew/Cellar/texlive/20240312/share/texmf-dist/fonts/type1/public/amsfonts/cm/cmmi8.pfb></opt/homebrew/Cellar/texlive/20240312/share/texmf-dist/fonts/type1/public/amsfonts/cm/cmr10.pfb></opt/homebrew/Cellar/texlive/20240312/share/texmf-dist/fonts/type1/public/amsfonts/cm/cmr12.pfb></opt/homebrew/Cellar/texlive/20240312/share/texmf-dist/fonts/type1/public/amsfonts/cm/cmr7.pfb></opt/homebrew/Cellar/texlive/20240312/share/texmf-dist/fonts/type1/public/amsfonts/cm/cmr8.pfb></opt/homebrew/Cellar/texlive/20240312/share/texmf-dist/fonts/type1/public/amsfonts/cm/cmsl10.pfb></opt/homebrew/Cellar/texlive/20240312/share/texmf-dist/fonts/type1/public/amsfonts/cm/cmsl12.pfb></opt/homebrew/Cellar/texlive/20240312/share/texmf-dist/fonts/type1/public/amsfonts/cm/cmssbx10.pfb></opt/homebrew/Cellar/texlive/20240312/share/texmf-dist/fonts/type1/public/amsfonts/cm/cmsy10.pfb></opt/homebrew/Cellar/texlive/20240312/share/texmf-dist/fonts/type1/public/amsfonts/cm/cmsy8.pfb></opt/homebrew/Cellar/texlive/20240312/share/texmf-dist/fonts/type1/public/amsfonts/cm/cmti12.pfb>
Output written on main.pdf (33 pages, 12105758 bytes).
PDF statistics:
 580 PDF objects out of 1000 (max. 8388607)
 459 compressed objects within 5 object streams
 145 named destinations out of 1000 (max. 500000)
 348 words of extra memory for PDF output out of 10000 (max. 10000000)

